android-app/app/build/intermediates/manifest_merge_blame_file/debug/processDebugMainManifest/manifest-merger-blame-debug-report.txt
1<?xml version="1.0" encoding="utf-8"?>
2<manifest xmlns:android="http://schemas.android.com/apk/res/android"
3    package="com.phonegallery.transfer"
4    android:versionCode="1"
5    android:versionName="1.0" >
6
7    <uses-sdk
8        android:minSdkVersion="26"
9        android:targetSdkVersion="34" />
10
11    <uses-permission android:name="android.permission.READ_MEDIA_IMAGES" />
11-->src/main/AndroidManifest.xml:4:5-76
11-->src/main/AndroidManifest.xml:4:22-73
12    <!-- Fallback for Android 12 and below -->
13    <uses-permission
13-->src/main/AndroidManifest.xml:6:5-7:38
14        android:name="android.permission.READ_EXTERNAL_STORAGE"
14-->src/main/AndroidManifest.xml:6:22-77
15        android:maxSdkVersion="32" />
15-->src/main/AndroidManifest.xml:7:9-35
16    <uses-permission android:name="android.permission.INTERNET" />
16-->src/main/AndroidManifest.xml:8:5-67
16-->src/main/AndroidManifest.xml:8:22-64
17
18    <permission
18-->[androidx.core:core:1.13.1] AndroidManifest.xml:22:5-24:47
19        android:name="com.phonegallery.transfer.DYNAMIC_RECEIVER_NOT_EXPORTED_PERMISSION"
19-->[androidx.core:core:1.13.1] AndroidManifest.xml:23:9-81
20        android:protectionLevel="signature" />
20-->[androidx.core:core:1.13.1] AndroidManifest.xml:24:9-44
21
22    <uses-permission android:name="com.phonegallery.transfer.DYNAMIC_RECEIVER_NOT_EXPORTED_PERMISSION" />
22-->[androidx.core:core:1.13.1] AndroidManifest.xml:26:5-97
22-->[androidx.core:core:1.13.1] AndroidManifest.xml:26:22-94
23
24    <application
24-->src/main/AndroidManifest.xml:10:5-28:19
25        android:allowBackup="true"
25-->src/main/AndroidManifest.xml:11:9-35
26        android:appComponentFactory="androidx.core.app.CoreComponentFactory"
26-->[androidx.core:core:1.13.1] AndroidManifest.xml:28:18-86
27        android:debuggable="true"
28        android:extractNativeLibs="false"
29        android:icon="@android:drawable/sym_def_app_icon"
29-->src/main/AndroidManifest.xml:12:9-58
30        android:label="@string/app_name"
30-->src/main/AndroidManifest.xml:13:9-41
31        android:supportsRtl="true"
31-->src/main/AndroidManifest.xml:14:9-35
32        android:theme="@style/Theme.PhoneGalleryTransfer"
32-->src/main/AndroidManifest.xml:16:9-58
33        android:usesCleartextTraffic="true" >
33-->src/main/AndroidManifest.xml:15:9-44
34        <activity
34-->src/main/AndroidManifest.xml:18:9-26:20
35            android:name="com.phonegallery.transfer.MainActivity"
35-->src/main/AndroidManifest.xml:19:13-41
36            android:exported="true"
36-->src/main/AndroidManifest.xml:20:13-36
37            android:windowSoftInputMode="adjustResize" >
37-->src/main/AndroidManifest.xml:21:13-55
38            <intent-filter>
38-->src/main/AndroidManifest.xml:22:13-25:29
39                <action android:name="android.intent.action.MAIN" />
39-->src/main/AndroidManifest.xml:23:17-69
39-->src/main/AndroidManifest.xml:23:25-66
40
41                <category android:name="android.intent.category.LAUNCHER" />
41-->src/main/AndroidManifest.xml:24:17-77
41-->src/main/AndroidManifest.xml:24:27-74
42            </intent-filter>
43        </activity>
44
45        <provider
45-->[androidx.emoji2:emoji2:1.3.0] AndroidManifest.xml:24:9-32:20
46            android:name="androidx.startup.InitializationProvider"
46-->[androidx.emoji2:emoji2:1.3.0] AndroidManifest.xml:25:13-67
47            android:authorities="com.phonegallery.transfer.androidx-startup"
47-->[androidx.emoji2:emoji2:1.3.0] AndroidManifest.xml:26:13-68
48            android:exported="false" >
48-->[androidx.emoji2:emoji2:1.3.0] AndroidManifest.xml:27:13-37
49            <meta-data
49-->[androidx.emoji2:emoji2:1.3.0] AndroidManifest.xml:29:13-31:52
50                android:name="androidx.emoji2.text.EmojiCompatInitializer"
50-->[androidx.emoji2:emoji2:1.3.0] AndroidManifest.xml:30:17-75
51                android:value="androidx.startup" />
51-->[androidx.emoji2:emoji2:1.3.0] AndroidManifest.xml:31:17-49
52            <meta-data
52-->[androidx.lifecycle:lifecycle-process:2.8.2] AndroidManifest.xml:29:13-31:52
53                android:name="androidx.lifecycle.ProcessLifecycleInitializer"
53-->[androidx.lifecycle:lifecycle-process:2.8.2] AndroidManifest.xml:30:17-78
54                android:value="androidx.startup" />
54-->[androidx.lifecycle:lifecycle-process:2.8.2] AndroidManifest.xml:31:17-49
55            <meta-data
55-->[androidx.profileinstaller:profileinstaller:1.3.1] AndroidManifest.xml:29:13-31:52
56                android:name="androidx.profileinstaller.ProfileInstallerInitializer"
56-->[androidx.profileinstaller:profileinstaller:1.3.1] AndroidManifest.xml:30:17-85
57                android:value="androidx.startup" />
57-->[androidx.profileinstaller:profileinstaller:1.3.1] AndroidManifest.xml:31:17-49
58        </provider>
59
60        <activity
60-->[androidx.compose.ui:ui-tooling-android:1.6.8] AndroidManifest.xml:23:9-25:39
61            android:name="androidx.compose.ui.tooling.PreviewActivity"
61-->[androidx.compose.ui:ui-tooling-android:1.6.8] AndroidManifest.xml:24:13-71
62            android:exported="true" />
62-->[androidx.compose.ui:ui-tooling-android:1.6.8] AndroidManifest.xml:25:13-36
63
64        <receiver
64-->[androidx.profileinstaller:profileinstaller:1.3.1] AndroidManifest.xml:34:9-52:20
65            android:name="androidx.profileinstaller.ProfileInstallReceiver"
65-->[androidx.profileinstaller:profileinstaller:1.3.1] AndroidManifest.xml:35:13-76
66            android:directBootAware="false"
66-->[androidx.profileinstaller:profileinstaller:1.3.1] AndroidManifest.xml:36:13-44
67            android:enabled="true"
67-->[androidx.profileinstaller:profileinstaller:1.3.1] AndroidManifest.xml:37:13-35
68            android:exported="true"
68-->[androidx.profileinstaller:profileinstaller:1.3.1] AndroidManifest.xml:38:13-36
69            android:permission="android.permission.DUMP" >
69-->[androidx.profileinstaller:profileinstaller:1.3.1] AndroidManifest.xml:39:13-57
70            <intent-filter>
70-->[androidx.profileinstaller:profileinstaller:1.3.1] AndroidManifest.xml:40:13-42:29
71                <action android:name="androidx.profileinstaller.action.INSTALL_PROFILE" />
71-->[androidx.profileinstaller:profileinstaller:1.3.1] AndroidManifest.xml:41:17-91
71-->[androidx.profileinstaller:profileinstaller:1.3.1] AndroidManifest.xml:41:25-88
72            </intent-filter>
73            <intent-filter>
73-->[androidx.profileinstaller:profileinstaller:1.3.1] AndroidManifest.xml:43:13-45:29
74                <action android:name="androidx.profileinstaller.action.SKIP_FILE" />
74-->[androidx.profileinstaller:profileinstaller:1.3.1] AndroidManifest.xml:44:17-85
74-->[androidx.profileinstaller:profileinstaller:1.3.1] AndroidManifest.xml:44:25-82
75            </intent-filter>
76            <intent-filter>
76-->[androidx.profileinstaller:profileinstaller:1.3.1] AndroidManifest.xml:46:13-48:29
77                <action android:name="androidx.profileinstaller.action.SAVE_PROFILE" />
77-->[androidx.profileinstaller:profileinstaller:1.3.1] AndroidManifest.xml:47:17-88
77-->[androidx.profileinstaller:profileinstaller:1.3.1] AndroidManifest.xml:47:25-85
78            </intent-filter>
79            <intent-filter>
79-->[androidx.profileinstaller:profileinstaller:1.3.1] AndroidManifest.xml:49:13-51:29
80                <action android:name="androidx.profileinstaller.action.BENCHMARK_OPERATION" />
80-->[androidx.profileinstaller:profileinstaller:1.3.1] AndroidManifest.xml:50:17-95
80-->[androidx.profileinstaller:profileinstaller:1.3.1] AndroidManifest.xml:50:25-92
81            </intent-filter>
82        </receiver>
83    </application>
84
85</manifest>